2025-03-11 08:20:08.532: [INFO] VisibilityChanged: 0
2025-03-11 08:20:08.576: [INFO] RecordSyncInitDurationhas_sync_been_enabled: 0 state: 0
2025-03-11 08:20:08.576: [INFO] RecordSyncInitDurationhas_sync_been_enabled: 0 state: 0
2025-03-11 08:20:08.577: [INFO] RecordSyncInitDurationhas_sync_been_enabled: 0 state: 0
2025-03-11 08:20:08.577: [INFO] RecordSyncInitDurationhas_sync_been_enabled: 0 state: 0
2025-03-11 08:20:08.577: [INFO] RecordSyncInitDurationhas_sync_been_enabled: 0 state: 0
2025-03-11 08:20:08.577: [INFO] RecordSyncInitDurationhas_sync_been_enabled: 0 state: 0
2025-03-11 08:20:08.577: [INFO] RecordSyncInitDurationhas_sync_been_enabled: 0 state: 0
2025-03-11 08:20:08.577: [INFO] RecordSyncInitDurationhas_sync_been_enabled: 0 state: 0
2025-03-11 08:20:08.577: [INFO] RecordSyncInitDurationhas_sync_been_enabled: 0 state: 0
2025-03-11 08:20:08.578: [INFO] RecordSyncInitDurationhas_sync_been_enabled: 0 state: 0
2025-03-11 08:20:08.578: [INFO] RecordSyncInitDurationhas_sync_been_enabled: 0 state: 0
2025-03-11 08:20:08.585: [INFO] BookmarkModelLoaded, ids_reassigned: 0
2025-03-11 08:20:08.586: [INFO] BookmarkNodeAdded, ABU: 0
2025-03-11 08:20:08.586: [INFO] BookmarkNodeAdded, ABU: 0
2025-03-11 08:20:08.586: [INFO] BookmarkNodeAdded, ABU: 0
2025-03-11 08:20:08.586: [INFO] OnDoneLoading sync enabled: 0
2025-03-11 08:20:08.624: [INFO] RecordSyncInitDurationhas_sync_been_enabled: 0 state: 0
2025-03-11 08:20:08.759: [INFO] RecordSyncInitDurationhas_sync_been_enabled: 0 state: 3
2025-03-11 08:20:08.761: [INFO] Primary account changed.
2025-03-11 08:20:08.761: [INFO] OnPrimaryAccountChangedPrimaryAccountChangeEvent::Type::kSet
2025-03-11 08:20:08.763: [INFO] RecordSyncInitDurationhas_sync_been_enabled: 0 state: 3
2025-03-11 08:20:11.682: [INFO] VisibilityChanged: 1
2025-03-11 08:20:11.814: [INFO] BookmarkNodeAdded, ABU: 0
2025-03-11 08:20:11.816: [INFO] BookmarkNodeAdded, ABU: 0
2025-03-11 08:20:11.818: [INFO] BookmarkNodeAdded, ABU: 0
2025-03-11 08:20:11.822: [INFO] BookmarkNodeAdded, ABU: 0
2025-03-11 08:20:12.463: [INFO] Sync initialization duration: 3203ms
2025-03-11 08:20:22.097: [INFO] VisibilityChanged: 0
