{"logTime": "0311/082010", "correlationVector":"dza6dX3sH6I4/PxcUIhuBe.1","action":"SyncServerConnectionManagerRequest", "result":"SYNC_SERVER_OK", "context":{"environment":"Prod_southindia_prod-s01-004-apac-southindia", "migrationStage":"NotStarted", "server":"akswtt01000000n"}}
{"logTime": "0311/082010", "correlationVector":"dza6dX3sH6I4/PxcUIhuBe.2","action":"ProcessGetUpdates", "result":"Done", "context":{"dataType":"Encryption Keys", "deleted":"0", "process_failed_to_decrypt":"0", "process_pending_decryption":"0", "process_success":"1", "total":"1"}}
{"logTime": "0311/082011", "correlationVector":"FaeEA13fyNz9avzsO6ldGH","action":"SyncServerConnectionManagerRequest", "result":"SYNC_SERVER_OK", "context":{"environment":"", "migrationStage":"", "server":""}}
{"logTime": "0311/082011", "correlationVector":"FaeEA13fyNz9avzsO6ldGH.0","action":"EncryptionKeysFetcher.DownloadKeys:", "result":"Success", "context":Key count: 6, Last key timestamp: 2025-01-18T07:48:46Z}
{"logTime": "0311/082011", "correlationVector":"FaeEA13fyNz9avzsO6ldGH.1","action":"EncryptionKeysManager::SetEncryptionKeys:", "result":"Success", "context":Key names[6]:[YffOxZ+qKKXZVD+5lqjFnpsLeQ/hss70/z5qhdoD29+zyRL5TfWDMV+vIpNh13haHi2OAsjLsb9fwcTf/MV0Zw==][HHxVKSYCCrlU0WrzGMpvZOF/Yzsr+kTEBamfrf6D+1dEeRYVoL+SpRRT7SUq/QQb+3zMVkINbXklNx7RadHwjA==][rD57PUbq6VXw6Cot6l0ivu4s46xu2837MEWtRfZXFf8aWCqIFxO/FIeWfgQh8gBHQh1ttlGd3BKc8a3U9U0Fvw==][pPfbxw1zekbu4D+D+VUbhc1Y+JbO5y8cDmI4Z2QyPMKHcY75TBit/ZU9NAb5X5hXxBNme44BVBaAIRZ5oG9aLQ==][RWH+Dhl7Vkyy6n3IWb5ZGTex91+yhX8/0bc7JK2q1/YuxARwjAaDgn2HKBudL8/e/a52+x5egaM2MZlmtqcNZg==][/sC2rLU2qscvvQoNLd9Z5zO9OK31Ci4XM/FAtbSgcDJ+6F9zMqc7nO8MVIBquQhvI/7+Zakl/fhCHa4vhsXAAw==]}
{"logTime": "0311/082011", "correlationVector":"FaeEA13fyNz9avzsO6ldGH.2","action":"EncryptionKeysManager::SetEncryptionKeysWithTimestamps:", "result":"Success", "context":Key timestamps[6]:[2022-12-03T12:36:17Z][2023-06-02T09:42:33Z][2023-11-13T08:20:07Z][2024-01-22T11:47:25Z][2024-07-22T05:47:35Z][2025-01-18T07:48:46Z]}
{"logTime": "0311/082011", "correlationVector":"dza6dX3sH6I4/PxcUIhuBe","action":"Initial GetUpdates", "result":"", "context":Reason: NEW_CLIENT. cV=dza6dX3sH6I4/PxcUIhuBe}
{"logTime": "0311/082011", "correlationVector":"dza6dX3sH6I4/PxcUIhuBe.3","action":"GetUpdates Response", "result":"Success", "context":Received 1 update(s). cV=dza6dX3sH6I4/PxcUIhuBe.0;server=akswtt01000000n;cloudType=Consumer;environment=Prod_southindia_prod-s01-004-apac-southindia;migrationStage=NotStarted}
{"logTime": "0311/082011", "correlationVector":"568LDZF1/kFE4NeAkXjYrY","action":"Initial GetUpdates", "result":"", "context":Reason: NEWLY_SUPPORTED_DATATYPE. cV=568LDZF1/kFE4NeAkXjYrY}
{"logTime": "0311/082011", "correlationVector":"568LDZF1/kFE4NeAkXjYrY.1","action":"SyncServerConnectionManagerRequest", "result":"SYNC_SERVER_OK", "context":{"environment":"Prod_southindia_prod-s01-004-apac-southindia", "migrationStage":"NotStarted", "server":"akswtt010000012"}}
{"logTime": "0311/082011", "correlationVector":"568LDZF1/kFE4NeAkXjYrY.2","action":"ProcessGetUpdates", "result":"Done", "context":{"dataType":"Preferences", "deleted":"0", "process_failed_to_decrypt":"0", "process_pending_decryption":"0", "process_success":"75", "total":"75"}}
{"logTime": "0311/082011", "correlationVector":"568LDZF1/kFE4NeAkXjYrY.3","action":"ProcessGetUpdates", "result":"Done", "context":{"dataType":"Passwords", "deleted":"0", "process_failed_to_decrypt":"0", "process_pending_decryption":"0", "process_success":"54", "total":"54"}}
{"logTime": "0311/082011", "correlationVector":"568LDZF1/kFE4NeAkXjYrY.4","action":"ProcessGetUpdates", "result":"Done", "context":{"dataType":"Device Info", "deleted":"0", "process_failed_to_decrypt":"0", "process_pending_decryption":"0", "process_success":"1", "total":"1"}}
{"logTime": "0311/082011", "correlationVector":"568LDZF1/kFE4NeAkXjYrY.5","action":"GetUpdates Response", "result":"Success", "context":Received 130 update(s). cV=568LDZF1/kFE4NeAkXjYrY.0;server=akswtt010000012;cloudType=Consumer;environment=Prod_southindia_prod-s01-004-apac-southindia;migrationStage=NotStarted}
{"logTime": "0311/082011", "correlationVector":"OgZZYE7kuBG9wJJ8nMU0AE","action":"Initial GetUpdates", "result":"", "context":Reason: NEWLY_SUPPORTED_DATATYPE. cV=OgZZYE7kuBG9wJJ8nMU0AE}
{"logTime": "0311/082011", "correlationVector":"OgZZYE7kuBG9wJJ8nMU0AE.1","action":"SyncServerConnectionManagerRequest", "result":"SYNC_SERVER_OK", "context":{"environment":"Prod_southindia_prod-s01-004-apac-southindia", "migrationStage":"NotStarted", "server":"akswtt01000002w"}}
{"logTime": "0311/082011", "correlationVector":"OgZZYE7kuBG9wJJ8nMU0AE.2","action":"ProcessGetUpdates", "result":"Done", "context":{"dataType":"Bookmarks", "deleted":"2", "process_failed_to_decrypt":"0", "process_pending_decryption":"0", "process_success":"11", "total":"11"}}
{"logTime": "0311/082011", "correlationVector":"OgZZYE7kuBG9wJJ8nMU0AE.3","action":"GetUpdates Response", "result":"Success", "context":Received 11 update(s). cV=OgZZYE7kuBG9wJJ8nMU0AE.0;server=akswtt01000002w;cloudType=Consumer;environment=Prod_southindia_prod-s01-004-apac-southindia;migrationStage=NotStarted}
{"logTime": "0311/082011", "correlationVector":"z1r7nl0wvnR0OMv4KA3O6G","action":"Initial GetUpdates", "result":"", "context":Reason: NEWLY_SUPPORTED_DATATYPE. cV=z1r7nl0wvnR0OMv4KA3O6G}
{"logTime": "0311/082012", "correlationVector":"z1r7nl0wvnR0OMv4KA3O6G.1","action":"SyncServerConnectionManagerRequest", "result":"SYNC_SERVER_OK", "context":{"environment":"Prod_southindia_prod-s01-004-apac-southindia", "migrationStage":"NotStarted", "server":"akswtt010000011"}}
{"logTime": "0311/082012", "correlationVector":"z1r7nl0wvnR0OMv4KA3O6G.2","action":"ProcessGetUpdates", "result":"Done", "context":{"dataType":"Autofill Profiles", "deleted":"0", "process_failed_to_decrypt":"0", "process_pending_decryption":"0", "process_success":"9", "total":"9"}}
{"logTime": "0311/082012", "correlationVector":"z1r7nl0wvnR0OMv4KA3O6G.3","action":"ProcessGetUpdates", "result":"Done", "context":{"dataType":"Autofill", "deleted":"0", "process_failed_to_decrypt":"0", "process_pending_decryption":"0", "process_success":"35", "total":"35"}}
{"logTime": "0311/082012", "correlationVector":"z1r7nl0wvnR0OMv4KA3O6G.4","action":"ProcessGetUpdates", "result":"Done", "context":{"dataType":"Extensions", "deleted":"0", "process_failed_to_decrypt":"0", "process_pending_decryption":"0", "process_success":"1", "total":"1"}}
{"logTime": "0311/082012", "correlationVector":"z1r7nl0wvnR0OMv4KA3O6G.5","action":"ProcessGetUpdates", "result":"Done", "context":{"dataType":"Sessions", "deleted":"176", "process_failed_to_decrypt":"0", "process_pending_decryption":"0", "process_success":"178", "total":"178"}}
{"logTime": "0311/082012", "correlationVector":"z1r7nl0wvnR0OMv4KA3O6G.6","action":"ProcessGetUpdates", "result":"Done", "context":{"dataType":"Edge Hub App Usage", "deleted":"12", "process_failed_to_decrypt":"0", "process_pending_decryption":"0", "process_success":"18", "total":"18"}}
{"logTime": "0311/082012", "correlationVector":"z1r7nl0wvnR0OMv4KA3O6G.7","action":"GetUpdates Response", "result":"Success", "context":Received 241 update(s). cV=z1r7nl0wvnR0OMv4KA3O6G.0;server=akswtt010000011;cloudType=Consumer;environment=Prod_southindia_prod-s01-004-apac-southindia;migrationStage=NotStarted}
{"logTime": "0311/082012", "correlationVector":"BXu/acTvwIQ8XCJARHqdTO","action":"Initial GetUpdates", "result":"", "context":Reason: NEWLY_SUPPORTED_DATATYPE. cV=BXu/acTvwIQ8XCJARHqdTO}
{"logTime": "0311/082012", "correlationVector":"BXu/acTvwIQ8XCJARHqdTO.1","action":"SyncServerConnectionManagerRequest", "result":"SYNC_SERVER_OK", "context":{"environment":"Prod_southindia_prod-s01-004-apac-southindia", "migrationStage":"NotStarted", "server":"akswtt010000000"}}
{"logTime": "0311/082012", "correlationVector":"BXu/acTvwIQ8XCJARHqdTO.2","action":"GetUpdates Response", "result":"Success", "context":Received 0 update(s). cV=BXu/acTvwIQ8XCJARHqdTO.0;server=akswtt010000000;cloudType=Consumer;environment=Prod_southindia_prod-s01-004-apac-southindia;migrationStage=NotStarted}
{"logTime": "0311/082012", "correlationVector":"W54oHpE58eilIMTbrsIFib","action":"Normal GetUpdate request", "result":"", "context":cV=W54oHpE58eilIMTbrsIFib
Nudged types: Bookmarks, Preferences, Sessions, Device Info, User Consents
Refresh requested types: Bookmarks, Preferences, Passwords, Autofill Profiles, Autofill, Extensions, Sessions, Extension settings, History Delete Directives, Device Info, User Consents, Send Tab To Self, Web Apps, History, Collection, Edge E Drop, Edge Hub App Usage, Edge Tab Group, Edge Wallet, Encryption Keys}
{"logTime": "0311/082012", "correlationVector":"W54oHpE58eilIMTbrsIFib.1","action":"SyncServerConnectionManagerRequest", "result":"SYNC_SERVER_OK", "context":{"environment":"Prod_southindia_prod-s01-004-apac-southindia", "migrationStage":"NotStarted", "server":"akswtt01000001y"}}
{"logTime": "0311/082012", "correlationVector":"W54oHpE58eilIMTbrsIFib.2","action":"GetUpdates Response", "result":"Success", "context":Received 0 update(s). cV=W54oHpE58eilIMTbrsIFib.0;server=akswtt01000001y;cloudType=Consumer;environment=Prod_southindia_prod-s01-004-apac-southindia;migrationStage=NotStarted}
{"logTime": "0311/082012", "correlationVector":"EfcKku5cJ4dwm2bFd04cb+","action":"Commit Request", "result":"", "context":Item count: 9
Contributing types: Bookmarks, Preferences, Sessions, Device Info, User Consents}
{"logTime": "0311/082013", "correlationVector":"EfcKku5cJ4dwm2bFd04cb+.1","action":"SyncServerConnectionManagerRequest", "result":"SYNC_SERVER_OK", "context":{"environment":"Prod_southindia_prod-s01-004-apac-southindia", "migrationStage":"NotStarted", "server":"akswtt01000000q"}}
{"logTime": "0311/082013", "correlationVector":"EfcKku5cJ4dwm2bFd04cb+.2","action":"Commit Response", "result":"Success", "context":Result: Success. cV=EfcKku5cJ4dwm2bFd04cb+.0;server=akswtt01000000q;cloudType=Consumer;environment=Prod_southindia_prod-s01-004-apac-southindia;migrationStage=NotStarted}
{"logTime": "0311/082013", "correlationVector":"xw0R7U0cTudFpQc3Kp0/lr","action":"Commit Request", "result":"", "context":Item count: 1
Contributing types: Edge Hub App Usage}
{"logTime": "0311/082014", "correlationVector":"xw0R7U0cTudFpQc3Kp0/lr.1","action":"SyncServerConnectionManagerRequest", "result":"SYNC_SERVER_OK", "context":{"environment":"Prod_southindia_prod-s01-004-apac-southindia", "migrationStage":"NotStarted", "server":"akswtt010000000"}}
{"logTime": "0311/082014", "correlationVector":"xw0R7U0cTudFpQc3Kp0/lr.2","action":"Commit Response", "result":"Success", "context":Result: Success. cV=xw0R7U0cTudFpQc3Kp0/lr.0;server=akswtt010000000;cloudType=Consumer;environment=Prod_southindia_prod-s01-004-apac-southindia;migrationStage=NotStarted}
{"logTime": "0311/082016", "correlationVector":"bmMRoZiNxq0BEboXXIciRI","action":"Commit Request", "result":"", "context":Item count: 2
Contributing types: Preferences, Sessions}
{"logTime": "0311/082017", "correlationVector":"bmMRoZiNxq0BEboXXIciRI.1","action":"SyncServerConnectionManagerRequest", "result":"SYNC_SERVER_OK", "context":{"environment":"Prod_southindia_prod-s01-004-apac-southindia", "migrationStage":"NotStarted", "server":"akswtt01000001d"}}
{"logTime": "0311/082017", "correlationVector":"bmMRoZiNxq0BEboXXIciRI.2","action":"Commit Response", "result":"Success", "context":Result: Success. cV=bmMRoZiNxq0BEboXXIciRI.0;server=akswtt01000001d;cloudType=Consumer;environment=Prod_southindia_prod-s01-004-apac-southindia;migrationStage=NotStarted}
{"logTime": "0311/082019", "correlationVector":"tJDRIkHad81id5eCH1NrF4","action":"Commit Request", "result":"", "context":Item count: 1
Contributing types: User Consents}
{"logTime": "0311/082019", "correlationVector":"tJDRIkHad81id5eCH1NrF4.1","action":"SyncServerConnectionManagerRequest", "result":"SYNC_SERVER_OK", "context":{"environment":"Prod_southindia_prod-s01-004-apac-southindia", "migrationStage":"NotStarted", "server":"akswtt010000007"}}
{"logTime": "0311/082019", "correlationVector":"tJDRIkHad81id5eCH1NrF4.2","action":"Commit Response", "result":"Success", "context":Result: Success. cV=tJDRIkHad81id5eCH1NrF4.0;server=akswtt010000007;cloudType=Consumer;environment=Prod_southindia_prod-s01-004-apac-southindia;migrationStage=NotStarted}
